oox	oox : vos cppu cppuhelper comphelper sal offapi sax basegfx tools BOOST:boost NULL
oox	oox				usr1	-   all	oox_mkout NULL
oox	oox\prj				get	-   all	oox_prj NULL
oox	oox\com\sun\star	nmake	-   all	oox_api oox_api_awt oox_api_chart oox_api_chart2 oox_api_drawing oox_api_document oox_api_graphic oox_api_sheet oox_api_table oox_api_xmlsax NULL
oox	oox\com\sun\star\awt	nmake	-   all	oox_api_awt NULL
oox	oox\com\sun\star\chart	nmake	-   all	oox_api_chart NULL
oox	oox\com\sun\star\chart2	nmake	-   all	oox_api_chart2 oox_api_chart2data NULL
oox	oox\com\sun\star\chart2\data	nmake	-   all	oox_api_chart2data NULL
oox	oox\com\sun\star\drawing	nmake	-   all	oox_api_drawing NULL
oox	oox\com\sun\star\document	nmake	-   all	oox_api_document NULL
oox	oox\com\sun\star\graphic	nmake	-   all	oox_api_graphic NULL
oox	oox\com\sun\star\sheet	nmake	-   all	oox_api_sheet NULL
oox	oox\com\sun\star\table	nmake	-   all	oox_api_table NULL
oox	oox\com\sun\star\xml	nmake	-   all	oox_api_xml NULL
oox	oox\com\sun\star\xml\sax	nmake	-   all	oox_api_xmlsax oox_api_xml NULL
oox	oox\source\tools		nmake	-   all	oox_tools NULL
oox	oox\source\token		nmake	-   all	oox_token oox_api oox_tools NULL
oox	oox\source\helper		nmake	-   all	oox_helper oox_token NULL
oox	oox\source\core			nmake	-   all	oox_core oox_token NULL
oox	oox\source\docprop		nmake	-   all	oox_docprop oox_token NULL
oox	oox\source\drawingml		nmake	-   all	oox_drawingml oox_token NULL
oox	oox\source\drawingml\diagram	nmake	-   all	oox_diagram oox_token NULL
oox	oox\source\drawingml\chart	nmake	-   all	oox_chart oox_token NULL
oox	oox\source\drawingml\table	nmake	-   all	oox_table oox_token NULL
oox	oox\source\ppt			nmake	-   all	oox_ppt oox_token NULL
oox	oox\source\vml			nmake	-   all	oox_vml oox_token NULL
oox	oox\source\xls			nmake	-   all	oox_xls oox_token NULL
oox	oox\source\dump			nmake	-   all	oox_dump oox_token NULL
oox	oox\source\shape		nmake   -   all oox_shape oox_token NULL
oox	oox\util			nmake   -   all oox_util oox_helper oox_core oox_vml oox_drawingml oox_diagram oox_chart oox_table oox_ppt oox_xls oox_dump oox_shape oox_docprop NULL
